
Taskmaster: Looking for a node to evaluate
Taskmaster:     Considering node <no_state   0   '.'> and its children:
Taskmaster:        <no_state   0   'SConstruct'>
Taskmaster:        <no_state   0   'bin'>
Taskmaster:        <no_state   0   'build'>
Taskmaster:        <no_state   0   'downloads'>
Taskmaster:        <no_state   0   'obj'>
Taskmaster:      adjusted ref count: <pending    1   '.'>, child 'SConstruct'
Taskmaster:      adjusted ref count: <pending    2   '.'>, child 'bin'
Taskmaster:      adjusted ref count: <pending    3   '.'>, child 'build'
Taskmaster:      adjusted ref count: <pending    4   '.'>, child 'downloads'
Taskmaster:      adjusted ref count: <pending    5   '.'>, child 'obj'
Taskmaster:     Considering node <no_state   0   'SConstruct'> and its children:
Taskmaster: Evaluating <pending    0   'SConstruct'>

Task.make_ready_current(): node <pending    0   'SConstruct'>
Task.prepare():      node <up_to_date 0   'SConstruct'>
Task.executed_with_callbacks(): node <up_to_date 0   'SConstruct'>
Task.postprocess():  node <up_to_date 0   'SConstruct'>
Task.postprocess():  removing <up_to_date 0   'SConstruct'>
Task.postprocess():  adjusted parent ref count <pending    4   '.'>

Taskmaster: Looking for a node to evaluate
Taskmaster:     Considering node <no_state   0   'bin'> and its children:
Taskmaster:        <no_state   0   'bin/libgtest.a'>
Taskmaster:      adjusted ref count: <pending    1   'bin'>, child 'bin/libgtest.a'
Taskmaster:     Considering node <no_state   0   'bin/libgtest.a'> and its children:
Taskmaster:        <no_state   0   'obj/linux-amd64/src/gtest.o'>
Taskmaster:        <no_state   0   '/usr/bin/ar'>
Taskmaster:        <no_state   0   '/usr/bin/ranlib'>
Taskmaster:      adjusted ref count: <pending    1   'bin/libgtest.a'>, child 'obj/linux-amd64/src/gtest.o'
Taskmaster:      adjusted ref count: <pending    2   'bin/libgtest.a'>, child '/usr/bin/ar'
Taskmaster:      adjusted ref count: <pending    3   'bin/libgtest.a'>, child '/usr/bin/ranlib'
Taskmaster:     Considering node <no_state   0   'obj/linux-amd64/src/gtest.o'> and its children:
Taskmaster:        <no_state   0   'build/googletest/src/gtest.cc'>
Taskmaster:        <no_state   0   '/usr/bin/g++'>
Taskmaster:      adjusted ref count: <pending    1   'obj/linux-amd64/src/gtest.o'>, child 'build/googletest/src/gtest.cc'
Taskmaster:      adjusted ref count: <pending    2   'obj/linux-amd64/src/gtest.o'>, child '/usr/bin/g++'
Taskmaster:     Considering node <no_state   0   'build/googletest/src/gtest.cc'> and its children:
Taskmaster: Evaluating <pending    0   'build/googletest/src/gtest.cc'>

Task.make_ready_current(): node <pending    0   'build/googletest/src/gtest.cc'>
Task.prepare():      node <up_to_date 0   'build/googletest/src/gtest.cc'>
Task.executed_with_callbacks(): node <up_to_date 0   'build/googletest/src/gtest.cc'>
Task.postprocess():  node <up_to_date 0   'build/googletest/src/gtest.cc'>
Task.postprocess():  removing <up_to_date 0   'build/googletest/src/gtest.cc'>
Task.postprocess():  adjusted parent ref count <pending    1   'obj/linux-amd64/src/gtest.o'>

Taskmaster: Looking for a node to evaluate
Taskmaster:     Considering node <no_state   0   '/usr/bin/g++'> and its children:
Taskmaster: Evaluating <pending    0   '/usr/bin/g++'>

Task.make_ready_current(): node <pending    0   '/usr/bin/g++'>
Task.prepare():      node <up_to_date 0   '/usr/bin/g++'>
Task.executed_with_callbacks(): node <up_to_date 0   '/usr/bin/g++'>
Task.postprocess():  node <up_to_date 0   '/usr/bin/g++'>
Task.postprocess():  removing <up_to_date 0   '/usr/bin/g++'>
Task.postprocess():  adjusted parent ref count <pending    0   'obj/linux-amd64/src/gtest.o'>

Taskmaster: Looking for a node to evaluate
Taskmaster:     Considering node <pending    0   'obj/linux-amd64/src/gtest.o'> and its children:
Taskmaster:        <up_to_date 0   'build/googletest/src/gtest.cc'>
Taskmaster:        <up_to_date 0   '/usr/bin/g++'>
Taskmaster: Evaluating <pending    0   'obj/linux-amd64/src/gtest.o'>

Task.make_ready_current(): node <pending    0   'obj/linux-amd64/src/gtest.o'>
Task.prepare():      node <executing  0   'obj/linux-amd64/src/gtest.o'>
Task.failed_stop():  node <executing  0   'obj/linux-amd64/src/gtest.o'>
Taskmaster:        removing node <executing  0   'obj/linux-amd64/src/gtest.o'> from the pending children set

Taskmaster:        removing parent <pending    2   'bin/libgtest.a'> from the pending children set

Taskmaster:        removing parent <pending    0   'bin'> from the pending children set

Taskmaster:        removing parent <pending    3   '.'> from the pending children set

Task.postprocess():  node <failed     0   'obj/linux-amd64/src/gtest.o'>

Taskmaster: Looking for a node to evaluate
Taskmaster:        removing node <no_state   0   'obj'> from the pending children set

Taskmaster:        removing node <no_state   0   'downloads'> from the pending children set

Taskmaster:        removing node <no_state   0   'build'> from the pending children set

Taskmaster:        removing node <no_state   0   '/usr/bin/ranlib'> from the pending children set

Taskmaster:        removing node <no_state   0   '/usr/bin/ar'> from the pending children set

Taskmaster:        removing parent <failed     2   '.'> from the pending children set

Taskmaster:        removing parent <failed     1   'bin/libgtest.a'> from the pending children set

Taskmaster:        removing parent <failed     0   'bin/libgtest.a'> from the pending children set

Taskmaster:        removing parent <failed     1   '.'> from the pending children set

Taskmaster:        removing parent <failed     0   '.'> from the pending children set

Taskmaster: No candidate anymore.

